  room.cpp
E:\xxxDATA\大三上\虚拟现实\room\room\room.cpp(204,23): warning C4805: “==”: 在操作中将类型“GLboolean”与类型“bool”混合不安全
E:\xxxDATA\大三上\虚拟现实\room\room\room.cpp(332,27): warning C4305: “参数”: 从“double”到“GLfloat”截断
E:\xxxDATA\大三上\虚拟现实\room\room\room.cpp(333,31): warning C4305: “参数”: 从“double”到“GLfloat”截断
E:\xxxDATA\大三上\虚拟现实\room\room\room.cpp(334,44): warning C4305: “参数”: 从“double”到“GLfloat”截断
E:\xxxDATA\大三上\虚拟现实\room\room\room.cpp(339,25): warning C4305: “参数”: 从“double”到“GLfloat”截断
E:\xxxDATA\大三上\虚拟现实\room\room\room.cpp(340,30): warning C4305: “参数”: 从“double”到“GLfloat”截断
E:\xxxDATA\大三上\虚拟现实\room\room\room.cpp(348,28): warning C4305: “参数”: 从“double”到“GLfloat”截断
E:\xxxDATA\大三上\虚拟现实\room\room\room.cpp(349,43): warning C4305: “参数”: 从“double”到“GLfloat”截断
E:\xxxDATA\大三上\虚拟现实\room\room\room.cpp(362,32): warning C4305: “参数”: 从“double”到“GLfloat”截断
E:\xxxDATA\大三上\虚拟现实\room\room\room.cpp(363,29): warning C4305: “参数”: 从“double”到“GLfloat”截断
E:\xxxDATA\大三上\虚拟现实\room\room\room.cpp(364,44): warning C4305: “参数”: 从“double”到“GLfloat”截断
E:\xxxDATA\大三上\虚拟现实\room\room\room.cpp(369,30): warning C4305: “参数”: 从“double”到“GLfloat”截断
E:\xxxDATA\大三上\虚拟现实\room\room\room.cpp(370,32): warning C4305: “参数”: 从“double”到“GLfloat”截断
E:\xxxDATA\大三上\虚拟现实\room\room\room.cpp(371,44): warning C4305: “参数”: 从“double”到“GLfloat”截断
E:\xxxDATA\大三上\虚拟现实\room\room\room.cpp(376,33): warning C4305: “参数”: 从“double”到“GLfloat”截断
E:\xxxDATA\大三上\虚拟现实\room\room\room.cpp(377,30): warning C4305: “参数”: 从“double”到“GLfloat”截断
E:\xxxDATA\大三上\虚拟现实\room\room\room.cpp(378,46): warning C4305: “参数”: 从“double”到“GLfloat”截断
E:\xxxDATA\大三上\虚拟现实\room\room\room.cpp(386,31): warning C4305: “参数”: 从“double”到“GLfloat”截断
E:\xxxDATA\大三上\虚拟现实\room\room\room.cpp(387,30): warning C4305: “参数”: 从“double”到“GLfloat”截断
E:\xxxDATA\大三上\虚拟现实\room\room\room.cpp(388,35): warning C4305: “参数”: 从“double”到“GLfloat”截断
E:\xxxDATA\大三上\虚拟现实\room\room\room.cpp(394,32): warning C4305: “参数”: 从“double”到“GLfloat”截断
E:\xxxDATA\大三上\虚拟现实\room\room\room.cpp(395,29): warning C4305: “参数”: 从“double”到“GLfloat”截断
E:\xxxDATA\大三上\虚拟现实\room\room\room.cpp(396,39): warning C4305: “参数”: 从“double”到“GLfloat”截断
E:\xxxDATA\大三上\虚拟现实\room\room\room.cpp(400,34): warning C4305: “参数”: 从“double”到“GLfloat”截断
E:\xxxDATA\大三上\虚拟现实\room\room\room.cpp(402,30): warning C4305: “参数”: 从“double”到“GLfloat”截断
E:\xxxDATA\大三上\虚拟现实\room\room\room.cpp(403,30): warning C4305: “参数”: 从“double”到“GLfloat”截断
E:\xxxDATA\大三上\虚拟现实\room\room\room.cpp(414,45): warning C4305: “初始化”: 从“double”到“GLfloat”截断
E:\xxxDATA\大三上\虚拟现实\room\room\room.cpp(431,49): warning C4305: “参数”: 从“double”到“GLfloat”截断
E:\xxxDATA\大三上\虚拟现实\room\room\room.cpp(432,49): warning C4305: “参数”: 从“double”到“GLfloat”截断
E:\xxxDATA\大三上\虚拟现实\room\room\room.cpp(433,49): warning C4305: “参数”: 从“double”到“GLfloat”截断
E:\xxxDATA\大三上\虚拟现实\room\room\room.cpp(434,49): warning C4305: “参数”: 从“double”到“GLfloat”截断
E:\xxxDATA\大三上\虚拟现实\room\room\room.cpp(446,28): warning C4305: “参数”: 从“double”到“GLfloat”截断
E:\xxxDATA\大三上\虚拟现实\room\room\room.cpp(447,42): warning C4305: “参数”: 从“double”到“GLfloat”截断
E:\xxxDATA\大三上\虚拟现实\room\room\room.cpp(452,33): warning C4305: “参数”: 从“double”到“GLfloat”截断
E:\xxxDATA\大三上\虚拟现实\room\room\room.cpp(453,30): warning C4305: “参数”: 从“double”到“GLfloat”截断
E:\xxxDATA\大三上\虚拟现实\room\room\room.cpp(454,43): warning C4305: “参数”: 从“double”到“GLfloat”截断
E:\xxxDATA\大三上\虚拟现实\room\room\room.cpp(459,31): warning C4305: “参数”: 从“double”到“GLfloat”截断
E:\xxxDATA\大三上\虚拟现实\room\room\room.cpp(460,30): warning C4305: “参数”: 从“double”到“GLfloat”截断
E:\xxxDATA\大三上\虚拟现实\room\room\room.cpp(461,43): warning C4305: “参数”: 从“double”到“GLfloat”截断
E:\xxxDATA\大三上\虚拟现实\room\room\room.cpp(466,33): warning C4305: “参数”: 从“double”到“GLfloat”截断
E:\xxxDATA\大三上\虚拟现实\room\room\room.cpp(467,30): warning C4305: “参数”: 从“double”到“GLfloat”截断
E:\xxxDATA\大三上\虚拟现实\room\room\room.cpp(468,43): warning C4305: “参数”: 从“double”到“GLfloat”截断
E:\xxxDATA\大三上\虚拟现实\room\room\room.cpp(473,33): warning C4305: “参数”: 从“double”到“GLfloat”截断
E:\xxxDATA\大三上\虚拟现实\room\room\room.cpp(474,30): warning C4305: “参数”: 从“double”到“GLfloat”截断
E:\xxxDATA\大三上\虚拟现实\room\room\room.cpp(475,43): warning C4305: “参数”: 从“double”到“GLfloat”截断
E:\xxxDATA\大三上\虚拟现实\room\room\room.cpp(479,26): warning C4305: “参数”: 从“double”到“GLfloat”截断
E:\xxxDATA\大三上\虚拟现实\room\room\room.cpp(481,32): warning C4305: “参数”: 从“double”到“GLfloat”截断
E:\xxxDATA\大三上\虚拟现实\room\room\room.cpp(482,29): warning C4305: “参数”: 从“double”到“GLfloat”截断
E:\xxxDATA\大三上\虚拟现实\room\room\room.cpp(483,42): warning C4305: “参数”: 从“double”到“GLfloat”截断
E:\xxxDATA\大三上\虚拟现实\room\room\room.cpp(487,26): warning C4305: “参数”: 从“double”到“GLfloat”截断
E:\xxxDATA\大三上\虚拟现实\room\room\room.cpp(489,32): warning C4305: “参数”: 从“double”到“GLfloat”截断
E:\xxxDATA\大三上\虚拟现实\room\room\room.cpp(490,29): warning C4305: “参数”: 从“double”到“GLfloat”截断
E:\xxxDATA\大三上\虚拟现实\room\room\room.cpp(491,42): warning C4305: “参数”: 从“double”到“GLfloat”截断
E:\xxxDATA\大三上\虚拟现实\room\room\room.cpp(495,26): warning C4305: “参数”: 从“double”到“GLfloat”截断
E:\xxxDATA\大三上\虚拟现实\room\room\room.cpp(497,32): warning C4305: “参数”: 从“double”到“GLfloat”截断
E:\xxxDATA\大三上\虚拟现实\room\room\room.cpp(498,29): warning C4305: “参数”: 从“double”到“GLfloat”截断
E:\xxxDATA\大三上\虚拟现实\room\room\room.cpp(499,42): warning C4305: “参数”: 从“double”到“GLfloat”截断
E:\xxxDATA\大三上\虚拟现实\room\room\room.cpp(503,26): warning C4305: “参数”: 从“double”到“GLfloat”截断
E:\xxxDATA\大三上\虚拟现实\room\room\room.cpp(505,32): warning C4305: “参数”: 从“double”到“GLfloat”截断
E:\xxxDATA\大三上\虚拟现实\room\room\room.cpp(506,29): warning C4305: “参数”: 从“double”到“GLfloat”截断
E:\xxxDATA\大三上\虚拟现实\room\room\room.cpp(507,42): warning C4305: “参数”: 从“double”到“GLfloat”截断
E:\xxxDATA\大三上\虚拟现实\room\room\room.cpp(517,50): warning C4305: “初始化”: 从“double”到“GLfloat”截断
E:\xxxDATA\大三上\虚拟现实\room\room\room.cpp(518,56): warning C4305: “初始化”: 从“double”到“GLfloat”截断
E:\xxxDATA\大三上\虚拟现实\room\room\room.cpp(519,56): warning C4305: “初始化”: 从“double”到“GLfloat”截断
E:\xxxDATA\大三上\虚拟现实\room\room\room.cpp(526,27): warning C4305: “参数”: 从“double”到“GLfloat”截断
E:\xxxDATA\大三上\虚拟现实\room\room\room.cpp(535,22): warning C4805: “==”: 在操作中将类型“GLboolean”与类型“bool”混合不安全
E:\xxxDATA\大三上\虚拟现实\room\room\room.cpp(561,17): warning C4805: “==”: 在操作中将类型“GLboolean”与类型“bool”混合不安全
E:\xxxDATA\大三上\虚拟现实\room\room\room.cpp(564,18): warning C4805: “==”: 在操作中将类型“GLboolean”与类型“bool”混合不安全
E:\xxxDATA\大三上\虚拟现实\room\room\room.cpp(567,18): warning C4805: “==”: 在操作中将类型“GLboolean”与类型“bool”混合不安全
E:\xxxDATA\大三上\虚拟现实\room\room\room.cpp(581,53): warning C4305: “初始化”: 从“double”到“GLfloat”截断
E:\xxxDATA\大三上\虚拟现实\room\room\room.cpp(585,17): warning C4805: “==”: 在操作中将类型“GLboolean”与类型“bool”混合不安全
E:\xxxDATA\大三上\虚拟现实\room\room\room.cpp(588,18): warning C4805: “==”: 在操作中将类型“GLboolean”与类型“bool”混合不安全
E:\xxxDATA\大三上\虚拟现实\room\room\room.cpp(591,18): warning C4805: “==”: 在操作中将类型“GLboolean”与类型“bool”混合不安全
E:\xxxDATA\大三上\虚拟现实\room\room\room.cpp(595,48): warning C4305: “初始化”: 从“double”到“GLfloat”截断
E:\xxxDATA\大三上\虚拟现实\room\room\room.cpp(604,27): warning C4305: “参数”: 从“double”到“GLfloat”截断
E:\xxxDATA\大三上\虚拟现实\room\room\room.cpp(606,49): warning C4305: “参数”: 从“double”到“GLfloat”截断
E:\xxxDATA\大三上\虚拟现实\room\room\room.cpp(611,27): warning C4305: “参数”: 从“double”到“GLfloat”截断
E:\xxxDATA\大三上\虚拟现实\room\room\room.cpp(612,31): warning C4305: “参数”: 从“double”到“GLfloat”截断
E:\xxxDATA\大三上\虚拟现实\room\room\room.cpp(613,45): warning C4305: “参数”: 从“double”到“GLfloat”截断
E:\xxxDATA\大三上\虚拟现实\room\room\room.cpp(618,29): warning C4305: “参数”: 从“double”到“GLfloat”截断
E:\xxxDATA\大三上\虚拟现实\room\room\room.cpp(619,29): warning C4305: “参数”: 从“double”到“GLfloat”截断
E:\xxxDATA\大三上\虚拟现实\room\room\room.cpp(620,45): warning C4305: “参数”: 从“double”到“GLfloat”截断
E:\xxxDATA\大三上\虚拟现实\room\room\room.cpp(625,30): warning C4305: “参数”: 从“double”到“GLfloat”截断
E:\xxxDATA\大三上\虚拟现实\room\room\room.cpp(626,32): warning C4305: “参数”: 从“double”到“GLfloat”截断
E:\xxxDATA\大三上\虚拟现实\room\room\room.cpp(627,45): warning C4305: “参数”: 从“double”到“GLfloat”截断
E:\xxxDATA\大三上\虚拟现实\room\room\room.cpp(632,27): warning C4305: “参数”: 从“double”到“GLfloat”截断
E:\xxxDATA\大三上\虚拟现实\room\room\room.cpp(633,29): warning C4305: “参数”: 从“double”到“GLfloat”截断
E:\xxxDATA\大三上\虚拟现实\room\room\room.cpp(634,45): warning C4305: “参数”: 从“double”到“GLfloat”截断
E:\xxxDATA\大三上\虚拟现实\room\room\room.cpp(639,29): warning C4305: “参数”: 从“double”到“GLfloat”截断
E:\xxxDATA\大三上\虚拟现实\room\room\room.cpp(640,30): warning C4305: “参数”: 从“double”到“GLfloat”截断
E:\xxxDATA\大三上\虚拟现实\room\room\room.cpp(641,45): warning C4305: “参数”: 从“double”到“GLfloat”截断
E:\xxxDATA\大三上\虚拟现实\room\room\room.cpp(646,31): warning C4305: “参数”: 从“double”到“GLfloat”截断
E:\xxxDATA\大三上\虚拟现实\room\room\room.cpp(647,30): warning C4305: “参数”: 从“double”到“GLfloat”截断
E:\xxxDATA\大三上\虚拟现实\room\room\room.cpp(648,45): warning C4305: “参数”: 从“double”到“GLfloat”截断
E:\xxxDATA\大三上\虚拟现实\room\room\room.cpp(653,31): warning C4305: “参数”: 从“double”到“GLfloat”截断
E:\xxxDATA\大三上\虚拟现实\room\room\room.cpp(654,30): warning C4305: “参数”: 从“double”到“GLfloat”截断
E:\xxxDATA\大三上\虚拟现实\room\room\room.cpp(655,45): warning C4305: “参数”: 从“double”到“GLfloat”截断
E:\xxxDATA\大三上\虚拟现实\room\room\room.cpp(660,32): warning C4305: “参数”: 从“double”到“GLfloat”截断
E:\xxxDATA\大三上\虚拟现实\room\room\room.cpp(661,30): warning C4305: “参数”: 从“double”到“GLfloat”截断
E:\xxxDATA\大三上\虚拟现实\room\room\room.cpp(662,45): warning C4305: “参数”: 从“double”到“GLfloat”截断
E:\xxxDATA\大三上\虚拟现实\room\room\room.cpp(736,31): warning C4805: “==”: 在操作中将类型“GLboolean”与类型“bool”混合不安全
E:\xxxDATA\大三上\虚拟现实\room\room\room.cpp(747,32): warning C4805: “==”: 在操作中将类型“GLboolean”与类型“bool”混合不安全
E:\xxxDATA\大三上\虚拟现实\room\room\room.cpp(763,20): warning C4805: “==”: 在操作中将类型“GLboolean”与类型“bool”混合不安全
E:\xxxDATA\大三上\虚拟现实\room\room\room.cpp(845,38): warning C4244: “参数”: 从“double”转换到“int”，可能丢失数据
E:\xxxDATA\大三上\虚拟现实\room\room\room.cpp(845,24): warning C4244: “参数”: 从“double”转换到“int”，可能丢失数据
  正在生成代码
  Previous IPDB not found, fall back to full compilation.
  All 22 functions were compiled because no usable IPDB/IOBJ from previous compilation was found.
  已完成代码的生成
  room.vcxproj -> E:\xxxDATA\大三上\虚拟现实\room\Release\room.exe
